make[2]: Entering directory `/media/sf_Classes/csci2400-computer-systems/CU-labs/shlab-in-c++/src'
./sdriver.pl -t trace01.txt -s ./tsh -a "-p"
#
# trace01.txt - Properly terminate on EOF.
#
./sdriver.pl -t trace02.txt -s ./tsh -a "-p"
#
# trace02.txt - Process builtin quit command.
#
./sdriver.pl -t trace03.txt -s ./tsh -a "-p"
#
# trace03.txt - Run a foreground job.
#
tsh> quit
./sdriver.pl -t trace04.txt -s ./tsh -a "-p"
#
# trace04.txt - Run a background job.
#
tsh> ./myspin 1 &
[1] (2441) ./myspin 1 &
./myspin: Command not found
./sdriver.pl -t trace05.txt -s ./tsh -a "-p"
#
# trace05.txt - Process jobs builtin command.
#
tsh> ./myspin 2 &
[1] (2446) ./myspin 2 &
tsh> ./myspin 3 &
[2] (2448) ./myspin 3 &
./myspin: Command not found
tsh> jobs
[2] (2448) Running ./myspin 3 &
./myspin: Command not found
./sdriver.pl -t trace06.txt -s ./tsh -a "-p"
#
# trace06.txt - Forward SIGINT to foreground job.
#
tsh> ./myspin 4
./myspin: Command not found
./sdriver.pl -t trace07.txt -s ./tsh -a "-p"
#
# trace07.txt - Forward SIGINT only to foreground job.
#
tsh> ./myspin 4 &
[1] (2459) ./myspin 4 &
tsh> ./myspin 5
./myspin: Command not found
./myspin: Command not found
tsh> jobs
./sdriver.pl -t trace08.txt -s ./tsh -a "-p"
#
# trace08.txt - Forward SIGTSTP only to foreground job.
#
tsh> ./myspin 4 &
[1] (2467) ./myspin 4 &
./myspin: Command not found
tsh> ./myspin 5
./myspin: Command not found
tsh> jobs
./sdriver.pl -t trace09.txt -s ./tsh -a "-p"
#
# trace09.txt - Process bg builtin command
#
tsh> ./myspin 4 &
[1] (2475) ./myspin 4 &
./myspin: Command not found
tsh> ./myspin 5
./myspin: Command not found
tsh> jobs
tsh> bg %2
%2: No such job
tsh> jobs
./sdriver.pl -t trace10.txt -s ./tsh -a "-p"
#
# trace10.txt - Process fg builtin command. 
#
tsh> ./myspin 4 &
[1] (2485) ./myspin 4 &
./myspin: Command not found
tsh> fg %1
%1: No such job
tsh> jobs
tsh> fg %1
%1: No such job
tsh> jobs
./sdriver.pl -t trace11.txt -s ./tsh -a "-p"
#
# trace11.txt - Forward SIGINT to every process in foreground process group
#
tsh> ./mysplit 4
./mysplit: Command not found
tsh> /bin/ps a
  PID TTY      STAT   TIME COMMAND
  782 tty4     Ss+    0:00 /sbin/getty -8 38400 tty4
  786 tty5     Ss+    0:00 /sbin/getty -8 38400 tty5
  792 tty2     Ss+    0:00 /sbin/getty -8 38400 tty2
  793 tty3     Ss+    0:00 /sbin/getty -8 38400 tty3
  796 tty6     Ss+    0:00 /sbin/getty -8 38400 tty6
 1152 tty1     Ss+    0:00 /sbin/getty -8 38400 tty1
 1305 tty7     Ssl+   0:02 /usr/bin/X -core :0 -seat seat0 -auth /var/run/lightd
 1901 pts/6    Ss+    0:00 bash
 1942 pts/8    Ss+    0:00 bash
 1969 pts/10   Ss+    0:00 bash
 2003 pts/11   Ss+    0:00 bash
 2014 pts/12   Ss+    0:00 bash
 2027 pts/15   Ss+    0:00 bash
 2055 pts/16   Ss+    0:00 bash
 2213 pts/1    Ss     0:00 bash
 2274 pts/1    Sl+    0:01 emacs writeup/
 2382 pts/0    Ss     0:00 /bin/bash --noediting -i
 2404 pts/0    S+     0:00 make
 2408 pts/0    S+     0:00 /bin/sh -c (cd src; make)
 2409 pts/0    S+     0:00 make
 2425 pts/0    S+     0:00 /bin/sh -c make tests > tshref.out 2>&1
 2426 pts/0    S+     0:00 make tests
 2490 pts/0    S+     0:00 /bin/sh -c ./sdriver.pl -t trace11.txt -s ./tsh -a "-
 2491 pts/0    S+     0:00 /usr/bin/perl ./sdriver.pl -t trace11.txt -s ./tsh -a
 2492 pts/0    S+     0:00 ./tsh -p
 2496 pts/0    R      0:00 /bin/ps a
./sdriver.pl -t trace12.txt -s ./tsh -a "-p"
#
# trace12.txt - Forward SIGTSTP to every process in foreground process group
#
tsh> ./mysplit 4
./mysplit: Command not found
tsh> jobs
tsh> /bin/ps a
  PID TTY      STAT   TIME COMMAND
  782 tty4     Ss+    0:00 /sbin/getty -8 38400 tty4
  786 tty5     Ss+    0:00 /sbin/getty -8 38400 tty5
  792 tty2     Ss+    0:00 /sbin/getty -8 38400 tty2
  793 tty3     Ss+    0:00 /sbin/getty -8 38400 tty3
  796 tty6     Ss+    0:00 /sbin/getty -8 38400 tty6
 1152 tty1     Ss+    0:00 /sbin/getty -8 38400 tty1
 1305 tty7     Ssl+   0:02 /usr/bin/X -core :0 -seat seat0 -auth /var/run/lightd
 1901 pts/6    Ss+    0:00 bash
 1942 pts/8    Ss+    0:00 bash
 1969 pts/10   Ss+    0:00 bash
 2003 pts/11   Ss+    0:00 bash
 2014 pts/12   Ss+    0:00 bash
 2027 pts/15   Ss+    0:00 bash
 2055 pts/16   Ss+    0:00 bash
 2213 pts/1    Ss     0:00 bash
 2274 pts/1    Sl+    0:01 emacs writeup/
 2382 pts/0    Ss     0:00 /bin/bash --noediting -i
 2404 pts/0    S+     0:00 make
 2408 pts/0    S+     0:00 /bin/sh -c (cd src; make)
 2409 pts/0    S+     0:00 make
 2425 pts/0    S+     0:00 /bin/sh -c make tests > tshref.out 2>&1
 2426 pts/0    S+     0:00 make tests
 2497 pts/0    S+     0:00 /bin/sh -c ./sdriver.pl -t trace12.txt -s ./tsh -a "-
 2498 pts/0    S+     0:00 /usr/bin/perl ./sdriver.pl -t trace12.txt -s ./tsh -a
 2499 pts/0    S+     0:00 ./tsh -p
 2504 pts/0    R      0:00 /bin/ps a
./sdriver.pl -t trace13.txt -s ./tsh -a "-p"
#
# trace13.txt - Restart every stopped process in process group
#
tsh> ./mysplit 4
./mysplit: Command not found
tsh> jobs
tsh> /bin/ps a
  PID TTY      STAT   TIME COMMAND
  782 tty4     Ss+    0:00 /sbin/getty -8 38400 tty4
  786 tty5     Ss+    0:00 /sbin/getty -8 38400 tty5
  792 tty2     Ss+    0:00 /sbin/getty -8 38400 tty2
  793 tty3     Ss+    0:00 /sbin/getty -8 38400 tty3
  796 tty6     Ss+    0:00 /sbin/getty -8 38400 tty6
 1152 tty1     Ss+    0:00 /sbin/getty -8 38400 tty1
 1305 tty7     Ssl+   0:02 /usr/bin/X -core :0 -seat seat0 -auth /var/run/lightd
 1901 pts/6    Ss+    0:00 bash
 1942 pts/8    Ss+    0:00 bash
 1969 pts/10   Ss+    0:00 bash
 2003 pts/11   Ss+    0:00 bash
 2014 pts/12   Ss+    0:00 bash
 2027 pts/15   Ss+    0:00 bash
 2055 pts/16   Ss+    0:00 bash
 2213 pts/1    Ss     0:00 bash
 2274 pts/1    Sl+    0:01 emacs writeup/
 2382 pts/0    Ss     0:00 /bin/bash --noediting -i
 2404 pts/0    S+     0:00 make
 2408 pts/0    S+     0:00 /bin/sh -c (cd src; make)
 2409 pts/0    S+     0:00 make
 2425 pts/0    S+     0:00 /bin/sh -c make tests > tshref.out 2>&1
 2426 pts/0    S+     0:00 make tests
 2505 pts/0    S+     0:00 /bin/sh -c ./sdriver.pl -t trace13.txt -s ./tsh -a "-
 2506 pts/0    S+     0:00 /usr/bin/perl ./sdriver.pl -t trace13.txt -s ./tsh -a
 2507 pts/0    S+     0:00 ./tsh -p
 2512 pts/0    R      0:00 /bin/ps a
tsh> fg %1
%1: No such job
tsh> /bin/ps a
  PID TTY      STAT   TIME COMMAND
  782 tty4     Ss+    0:00 /sbin/getty -8 38400 tty4
  786 tty5     Ss+    0:00 /sbin/getty -8 38400 tty5
  792 tty2     Ss+    0:00 /sbin/getty -8 38400 tty2
  793 tty3     Ss+    0:00 /sbin/getty -8 38400 tty3
  796 tty6     Ss+    0:00 /sbin/getty -8 38400 tty6
 1152 tty1     Ss+    0:00 /sbin/getty -8 38400 tty1
 1305 tty7     Ssl+   0:02 /usr/bin/X -core :0 -seat seat0 -auth /var/run/lightd
 1901 pts/6    Ss+    0:00 bash
 1942 pts/8    Ss+    0:00 bash
 1969 pts/10   Ss+    0:00 bash
 2003 pts/11   Ss+    0:00 bash
 2014 pts/12   Ss+    0:00 bash
 2027 pts/15   Ss+    0:00 bash
 2055 pts/16   Ss+    0:00 bash
 2213 pts/1    Ss     0:00 bash
 2274 pts/1    Sl+    0:01 emacs writeup/
 2382 pts/0    Ss     0:00 /bin/bash --noediting -i
 2404 pts/0    S+     0:00 make
 2408 pts/0    S+     0:00 /bin/sh -c (cd src; make)
 2409 pts/0    S+     0:00 make
 2425 pts/0    S+     0:00 /bin/sh -c make tests > tshref.out 2>&1
 2426 pts/0    S+     0:00 make tests
 2505 pts/0    S+     0:00 /bin/sh -c ./sdriver.pl -t trace13.txt -s ./tsh -a "-
 2506 pts/0    S+     0:00 /usr/bin/perl ./sdriver.pl -t trace13.txt -s ./tsh -a
 2507 pts/0    S+     0:00 ./tsh -p
 2515 pts/0    R      0:00 /bin/ps a
./sdriver.pl -t trace14.txt -s ./tsh -a "-p"
#
# trace14.txt - Simple error handling
#
tsh> ./bogus
./bogus: Command not found
tsh> ./myspin 4 &
[1] (2522) ./myspin 4 &
tsh> fg
fg command requires PID or %jobid argument
./myspin: Command not found
tsh> bg
bg command requires PID or %jobid argument
tsh> fg a
fg: argument must be a PID or %jobid
tsh> bg a
bg: argument must be a PID or %jobid
tsh> fg 9999999
(9999999): No such process
tsh> bg 9999999
(9999999): No such process
tsh> fg %2
%2: No such job
tsh> fg %1
%1: No such job
tsh> bg %2
%2: No such job
tsh> bg %1
%1: No such job
tsh> jobs
./sdriver.pl -t trace15.txt -s ./tsh -a "-p"
#
# trace15.txt - Putting it all together
#
tsh> ./bogus
./bogus: Command not found
tsh> ./myspin 10
./myspin: Command not found
tsh> ./myspin 3 &
[1] (2542) ./myspin 3 &
tsh> ./myspin 4 &
[2] (2544) ./myspin 4 &
tsh> jobs
[1] (2542) Running ./myspin 3 &
[2] (2544) Running ./myspin 4 &
./myspin: Command not found
tsh> fg %1
%1: No such job
./myspin: Command not found
tsh> jobs
tsh> bg %3
%3: No such job
tsh> bg %1
%1: No such job
tsh> jobs
tsh> fg %1
%1: No such job
tsh> quit
./sdriver.pl -t trace16.txt -s ./tsh -a "-p"
#
# trace16.txt - Tests whether the shell can handle SIGTSTP and SIGINT
#     signals that come from other processes instead of the terminal.
#
tsh> ./mystop 2
./mystop: Command not found
tsh> jobs
tsh> ./myint 2
./myint: Command not found
make[2]: Leaving directory `/media/sf_Classes/csci2400-computer-systems/CU-labs/shlab-in-c++/src'
